<?xml version="1.0" encoding="UTF-8" ?>
<testsuite failures="0" time="0.832" errors="0" skipped="1" tests="3" name="gLite.gLiteActivityTest">
  <properties>
    <property name="java.runtime.name" value="Java(TM) SE Runtime Environment"/>
    <property name="sun.boot.library.path" value="/usr/java/jdk1.6.0_06/jre/lib/i386"/>
    <property name="java.vm.version" value="10.0-b22"/>
    <property name="java.vm.vendor" value="Sun Microsystems Inc."/>
    <property name="java.vendor.url" value="http://java.sun.com/"/>
    <property name="path.separator" value=":"/>
    <property name="java.vm.name" value="Java HotSpot(TM) Client VM"/>
    <property name="file.encoding.pkg" value="sun.io"/>
    <property name="user.country" value="US"/>
    <property name="sun.java.launcher" value="SUN_STANDARD"/>
    <property name="sun.os.patch.level" value="unknown"/>
    <property name="java.vm.specification.name" value="Java Virtual Machine Specification"/>
    <property name="user.dir" value="/home/ketan/workspace/gLiteActivity/glite"/>
    <property name="java.runtime.version" value="1.6.0_06-b02"/>
    <property name="java.awt.graphicsenv" value="sun.awt.X11GraphicsEnvironment"/>
    <property name="basedir" value="/home/ketan/workspace/gLiteActivity/glite"/>
    <property name="java.endorsed.dirs" value="/usr/java/jdk1.6.0_06/jre/lib/endorsed"/>
    <property name="os.arch" value="i386"/>
    <property name="surefire.real.class.path" value="/tmp/surefirebooter2137.jar"/>
    <property name="java.io.tmpdir" value="/tmp"/>
    <property name="line.separator" value="
"/>
    <property name="java.vm.specification.vendor" value="Sun Microsystems Inc."/>
    <property name="os.name" value="Linux"/>
    <property name="sun.jnu.encoding" value="UTF-8"/>
    <property name="java.library.path" value="/usr/java/jdk1.6.0_06/jre/lib/i386/client:/usr/java/jdk1.6.0_06/jre/lib/i386:/usr/java/jdk1.6.0_06/jre/../lib/i386::/usr/lib/lam:/home/ketan/moteur/.lib:/usr/lib:/usr/local/lib:/home/ketan/glite-ui/classads/lib:/home/ketan/glite-ui/edg/lib:/home/ketan/glite-ui/edg/libexec:/home/ketan/glite-ui/glite/lib:/home/ketan/glite-ui/gpt/lib:/libGFalFile.so:/home/ketan/glite-ui/lcg/lib:/home/ketan/glite-ui/external/usr/lib:/home/ketan/glite-ui/external/opt/c-ares/lib:/home/ketan/glite-ui/external/opt/xerces-c/lib:/home/ketan/glite-ui/external/usr/lib:/home/ketan/glite-ui/globus/lib:/usr/lib/lam:/home/ketan/moteur/.lib:/usr/lib:/usr/local/lib:/home/ketan/glite-ui/classads/lib:/home/ketan/glite-ui/edg/lib:/home/ketan/glite-ui/edg/libexec:/home/ketan/glite-ui/glite/lib:/home/ketan/glite-ui/gpt/lib:/libGFalFile.so:/home/ketan/glite-ui/lcg/lib:/home/ketan/glite-ui/external/usr/lib:/home/ketan/glite-ui/external/opt/c-ares/lib:/home/ketan/glite-ui/external/opt/xerces-c/lib:/home/ketan/glite-ui/external/usr/lib:/home/ketan/glite-ui/globus/lib:/usr/java/packages/lib/i386:/lib:/usr/lib"/>
    <property name="surefire.test.class.path" value="/home/ketan/workspace/gLiteActivity/glite/target/test-classes:/home/ketan/workspace/gLiteActivity/glite/target/classes:/home/ketan/.m2/repository/net/sf/taverna/t2/workflowmodel-api/0.3-SNAPSHOT/workflowmodel-api-0.3-SNAPSHOT.jar:/home/ketan/.m2/repository/net/sf/taverna/t2/t2reference-api/0.1-SNAPSHOT/t2reference-api-0.1-SNAPSHOT.jar:/home/ketan/.m2/repository/org/springframework/spring-tx/2.5.4/spring-tx-2.5.4.jar:/home/ketan/.m2/repository/commons-logging/commons-logging/1.0.4/commons-logging-1.0.4.jar:/home/ketan/.m2/repository/org/springframework/spring-beans/2.5.4/spring-beans-2.5.4.jar:/home/ketan/.m2/repository/org/springframework/spring-core/2.5.4/spring-core-2.5.4.jar:/home/ketan/.m2/repository/org/springframework/spring-context/2.5.4/spring-context-2.5.4.jar:/home/ketan/.m2/repository/aopalliance/aopalliance/1.0/aopalliance-1.0.jar:/home/ketan/.m2/repository/net/sf/taverna/t2/spi-discovery-api/0.3-SNAPSHOT/spi-discovery-api-0.3-SNAPSHOT.jar:/home/ketan/.m2/repository/net/sf/taverna/t2/observer/0.3-SNAPSHOT/observer-0.3-SNAPSHOT.jar:/home/ketan/.m2/repository/log4j/log4j/1.2.13/log4j-1.2.13.jar:/home/ketan/.m2/repository/uk/org/mygrid/taverna/raven/raven/1.7-SNAPSHOT/raven-1.7-SNAPSHOT.jar:/home/ketan/.m2/repository/uk/org/mygrid/taverna/raven/raven-log4j/1.7-SNAPSHOT/raven-log4j-1.7-SNAPSHOT.jar:/home/ketan/.m2/repository/uk/org/mygrid/taverna/raven/appconfig/1.7-SNAPSHOT/appconfig-1.7-SNAPSHOT.jar:/home/ketan/.m2/repository/uk/org/mygrid/taverna/raven/launcher-api/1.7-SNAPSHOT/launcher-api-1.7-SNAPSHOT.jar:/home/ketan/.m2/repository/uk/org/mygrid/taverna/raven/prelauncher/1.7-SNAPSHOT/prelauncher-1.7-SNAPSHOT.jar:/home/ketan/.m2/repository/net/sf/taverna/t2/security-api/0.3-SNAPSHOT/security-api-0.3-SNAPSHOT.jar:/home/ketan/.m2/repository/net/sf/taverna/t2/provenanceconnector-api/0.3-SNAPSHOT/provenanceconnector-api-0.3-SNAPSHOT.jar:/home/ketan/.m2/repository/jdom/jdom/1.0/jdom-1.0.jar:/home/ketan/.m2/repository/net/sf/taverna/t2/data-impl/0.3-SNAPSHOT/data-impl-0.3-SNAPSHOT.jar:/home/ketan/.m2/repository/net/sf/taverna/t2/data-api/0.3-SNAPSHOT/data-api-0.3-SNAPSHOT.jar:/home/ketan/.m2/repository/net/sf/taverna/t2/beanable-api/0.3-SNAPSHOT/beanable-api-0.3-SNAPSHOT.jar:/home/ketan/.m2/repository/javax/xml/bind/jaxb-api/2.0/jaxb-api-2.0.jar:/home/ketan/.m2/repository/javax/xml/bind/jsr173_api/1.0/jsr173_api-1.0.jar:/home/ketan/.m2/repository/javax/activation/activation/1.1/activation-1.1.jar:/home/ketan/.m2/repository/javax/persistence/persistence-api/1.0/persistence-api-1.0.jar:/home/ketan/.m2/repository/net/sf/taverna/t2/beanable-jaxb/0.3-SNAPSHOT/beanable-jaxb-0.3-SNAPSHOT.jar:/home/ketan/.m2/repository/com/sun/xml/bind/jaxb-impl/2.0.3/jaxb-impl-2.0.3.jar:/home/ketan/.m2/repository/commons-io/commons-io/1.3/commons-io-1.3.jar:/home/ketan/.m2/repository/commons-httpclient/commons-httpclient/3.1/commons-httpclient-3.1.jar:/home/ketan/.m2/repository/commons-codec/commons-codec/1.2/commons-codec-1.2.jar:/home/ketan/.m2/repository/commons-lang/commons-lang/2.2/commons-lang-2.2.jar:/home/ketan/.m2/repository/net/sf/taverna/t2/activity-test-utils/0.3-SNAPSHOT/activity-test-utils-0.3-SNAPSHOT.jar:/home/ketan/.m2/repository/net/sf/taverna/t2/workflowmodel-impl/0.3-SNAPSHOT/workflowmodel-impl-0.3-SNAPSHOT.jar:/home/ketan/.m2/repository/net/sf/taverna/t2/provenanceconnector-impl/0.3-SNAPSHOT/provenanceconnector-impl-0.3-SNAPSHOT.jar:/home/ketan/.m2/repository/org/apache/derby/derby/10.2.2.0/derby-10.2.2.0.jar:/home/ketan/.m2/repository/org/apache/derby/derbynet/10.2.2.0/derbynet-10.2.2.0.jar:/home/ketan/.m2/repository/org/apache/derby/derbytools/10.2.2.0/derbytools-10.2.2.0.jar:/home/ketan/.m2/repository/org/apache/derby/derbyclient/10.2.2.0/derbyclient-10.2.2.0.jar:/home/ketan/.m2/repository/com/thoughtworks/xstream/xstream/1.2.1/xstream-1.2.1.jar:/home/ketan/.m2/repository/xpp3/xpp3_min/1.1.3.4.O/xpp3_min-1.1.3.4.O.jar:/home/ketan/.m2/repository/net/sf/taverna/t2/platform/0.1-SNAPSHOT/platform-0.1-SNAPSHOT.jar:/home/ketan/.m2/repository/org/springframework/spring-orm/2.5.4/spring-orm-2.5.4.jar:/home/ketan/.m2/repository/org/springframework/spring-jdbc/2.5.4/spring-jdbc-2.5.4.jar:/home/ketan/.m2/repository/geronimo-spec/geronimo-spec-jta/1.0-M1/geronimo-spec-jta-1.0-M1.jar:/home/ketan/.m2/repository/org/hibernate/hibernate/3.2.5.ga.raven/hibernate-3.2.5.ga.raven.jar:/home/ketan/.m2/repository/dom4j/dom4j/1.6.1/dom4j-1.6.1.jar:/home/ketan/.m2/repository/cglib/cglib/2.1_3/cglib-2.1_3.jar:/home/ketan/.m2/repository/asm/asm/1.5.3/asm-1.5.3.jar:/home/ketan/.m2/repository/commons-collections/commons-collections/3.2/commons-collections-3.2.jar:/home/ketan/.m2/repository/net/sf/taverna/t2/t2reference-impl/0.1-SNAPSHOT/t2reference-impl-0.1-SNAPSHOT.jar:/home/ketan/.m2/repository/org/aspectj/aspectjrt/1.6.0/aspectjrt-1.6.0.jar:/home/ketan/.m2/repository/org/aspectj/aspectjweaver/1.6.0/aspectjweaver-1.6.0.jar:/home/ketan/.m2/repository/net/sf/taverna/t2/t2reference-core-extensions/0.1-SNAPSHOT/t2reference-core-extensions-0.1-SNAPSHOT.jar:/home/ketan/.m2/repository/uk/org/mygrid/taverna/scufl/scufl-model/1.7.2-SNAPSHOT/scufl-model-1.7.2-SNAPSHOT.jar:/usr/java/jdk1.6.0_06/jre/../lib/tools.jar:/home/ketan/.m2/repository/uk/org/mygrid/taverna/baclava/baclava-core/1.7.2-SNAPSHOT/baclava-core-1.7.2-SNAPSHOT.jar:/home/ketan/.m2/repository/uk/org/mygrid/taverna/taverna-core/1.7.2-SNAPSHOT/taverna-core-1.7.2-SNAPSHOT.jar:/home/ketan/.m2/repository/uk/org/mygrid/taverna/taverna-bootstrap/1.7.2-SNAPSHOT/taverna-bootstrap-1.7.2-SNAPSHOT.jar:/home/ketan/.m2/repository/uk/org/mygrid/resources/freefluo/NO-VERSION/freefluo-NO-VERSION.jar:/home/ketan/.m2/repository/junit/junit/4.4/junit-4.4.jar:/home/ketan/.m2/repository/net/sf/taverna/t2/all-activity-uis/0.3-SNAPSHOT/all-activity-uis-0.3-SNAPSHOT.jar:/home/ketan/.m2/repository/net/sf/taverna/t2/beanshell-activity-ui/0.3-SNAPSHOT/beanshell-activity-ui-0.3-SNAPSHOT.jar:/home/ketan/.m2/repository/net/sf/taverna/t2/workbench/activity-palette-api/0.1-SNAPSHOT/activity-palette-api-0.1-SNAPSHOT.jar:/home/ketan/.m2/repository/net/sf/taverna/t2/partition/0.3-SNAPSHOT/partition-0.3-SNAPSHOT.jar:/home/ketan/.m2/repository/net/sf/taverna/t2/workbench/configuration-api/0.1-SNAPSHOT/configuration-api-0.1-SNAPSHOT.jar:/home/ketan/.m2/repository/net/sf/opencsv/opencsv/1.8/opencsv-1.8.jar:/home/ketan/.m2/repository/net/sf/taverna/t2/beanshell-activity/0.3-SNAPSHOT/beanshell-activity-0.3-SNAPSHOT.jar:/home/ketan/.m2/repository/org/beanshell/bsh/2.0b4/bsh-2.0b4.jar:/home/ketan/.m2/repository/net/sf/taverna/t2/workbench/contextual-views-impl/0.1-SNAPSHOT/contextual-views-impl-0.1-SNAPSHOT.jar:/home/ketan/.m2/repository/net/sf/taverna/t2/workbench/contextual-views-api/0.1-SNAPSHOT/contextual-views-api-0.1-SNAPSHOT.jar:/home/ketan/.m2/repository/net/sf/taverna/t2/workbench/configuration-impl/0.1-SNAPSHOT/configuration-impl-0.1-SNAPSHOT.jar:/home/ketan/.m2/repository/net/sf/taverna/t2/workbench/menu-api/0.1-SNAPSHOT/menu-api-0.1-SNAPSHOT.jar:/home/ketan/.m2/repository/net/sf/taverna/t2/workbench/commons-icons/0.1-SNAPSHOT/commons-icons-0.1-SNAPSHOT.jar:/home/ketan/.m2/repository/net/sf/taverna/t2/workbench/ui-api/0.1-SNAPSHOT/ui-api-0.1-SNAPSHOT.jar:/home/ketan/.m2/repository/net/sf/taverna/t2/lang/ui/0.3-SNAPSHOT/ui-0.3-SNAPSHOT.jar:/home/ketan/.m2/repository/net/sf/taverna/t2/workbench/ui-impl/0.1-SNAPSHOT/ui-impl-0.1-SNAPSHOT.jar:/home/ketan/.m2/repository/uk/org/mygrid/taverna/osxapplication/1.5.1/osxapplication-1.5.1.jar:/home/ketan/.m2/repository/javax/help/javahelp/2.0.02/javahelp-2.0.02.jar:/home/ketan/.m2/repository/net/sf/taverna/t2/workbench/perspective-core/1.7-SNAPSHOT/perspective-core-1.7-SNAPSHOT.jar:/home/ketan/.m2/repository/net/sf/taverna/t2/workbench/file-api/0.1-SNAPSHOT/file-api-0.1-SNAPSHOT.jar:/home/ketan/.m2/repository/net/sf/taverna/t2/workbench/edits-api/0.1-SNAPSHOT/edits-api-0.1-SNAPSHOT.jar:/home/ketan/.m2/repository/net/sf/taverna/t2/workbench/file-impl/0.1-SNAPSHOT/file-impl-0.1-SNAPSHOT.jar:/home/ketan/.m2/repository/uk/org/mygrid/taverna/zaria/1.7-SNAPSHOT/zaria-1.7-SNAPSHOT.jar:/home/ketan/.m2/repository/net/sf/taverna/t2/workbench/edits-impl/0.1-SNAPSHOT/edits-impl-0.1-SNAPSHOT.jar:/home/ketan/.m2/repository/uk/org/mygrid/resources/jedit-syntax/2.2.2/jedit-syntax-2.2.2.jar:/home/ketan/.m2/repository/net/sf/taverna/t2/biomoby-activity-ui/0.3-SNAPSHOT/biomoby-activity-ui-0.3-SNAPSHOT.jar:/home/ketan/.m2/repository/net/sf/taverna/t2/biomoby-activity/0.3-SNAPSHOT/biomoby-activity-0.3-SNAPSHOT.jar:/home/ketan/.m2/repository/org/biomoby/taverna-biomoby/1.7.2-SNAPSHOT/taverna-biomoby-1.7.2-SNAPSHOT.jar:/home/ketan/.m2/repository/uk/org/mygrid/taverna/taverna-enactor/1.7.2-SNAPSHOT/taverna-enactor-1.7.2-SNAPSHOT.jar:/home/ketan/.m2/repository/uk/org/mygrid/resources/freefluo-taverna-exts/1.7.2-SNAPSHOT/freefluo-taverna-exts-1.7.2-SNAPSHOT.jar:/home/ketan/.m2/repository/commons-discovery/commons-discovery/0.2/commons-discovery-0.2.jar:/home/ketan/.m2/repository/uk/org/mygrid/taverna/taverna-scavenger/1.7.2-SNAPSHOT/taverna-scavenger-1.7.2-SNAPSHOT.jar:/home/ketan/.m2/repository/uk/org/mygrid/taverna/processors/taverna-java-processor/1.7.2-SNAPSHOT/taverna-java-processor-1.7.2-SNAPSHOT.jar:/home/ketan/.m2/repository/uk/org/mygrid/taverna/scufl/scufl-ui-api/1.7.2-SNAPSHOT/scufl-ui-api-1.7.2-SNAPSHOT.jar:/home/ketan/.m2/repository/javax/mail/mail/1.4/mail-1.4.jar:/home/ketan/.m2/repository/org/biomoby/jmoby/1.1.1/jmoby-1.1.1.jar:/home/ketan/.m2/repository/castor/castor/0.9.5/castor-0.9.5.jar:/home/ketan/.m2/repository/org/apache/ant/ant-nodeps/1.7.0/ant-nodeps-1.7.0.jar:/home/ketan/.m2/repository/org/apache/ant/ant/1.7.0/ant-1.7.0.jar:/home/ketan/.m2/repository/org/apache/ant/ant-launcher/1.7.0/ant-launcher-1.7.0.jar:/home/ketan/.m2/repository/jaxen/jaxen/1.1.1/jaxen-1.1.1.jar:/home/ketan/.m2/repository/xml-apis/xml-apis/1.3.03/xml-apis-1.3.03.jar:/home/ketan/.m2/repository/xom/xom/1.0/xom-1.0.jar:/home/ketan/.m2/repository/xerces/xmlParserAPIs/2.2.1/xmlParserAPIs-2.2.1.jar:/home/ketan/.m2/repository/xalan/xalan/2.5.2/xalan-2.5.2.jar:/home/ketan/.m2/repository/com/ibm/icu/icu4j/3.8/icu4j-3.8.jar:/home/ketan/.m2/repository/mysql/mysql-connector-java/3.1.14/mysql-connector-java-3.1.14.jar:/home/ketan/.m2/repository/com/ibm/lsid/lsid-client/1.1.2/lsid-client-1.1.2.jar:/home/ketan/.m2/repository/xerces/xercesImpl/2.7.1/xercesImpl-2.7.1.jar:/home/ketan/.m2/repository/javax/jws/jsr181-api/1.0-MR1/jsr181-api-1.0-MR1.jar:/home/ketan/.m2/repository/org/xbill/dnsjava/2003/dnsjava-2003.jar:/home/ketan/.m2/repository/com/toedter/jcalendar/2004/jcalendar-2004.jar:/home/ketan/.m2/repository/commons-configuration/commons-configuration/1.5/commons-configuration-1.5.jar:/home/ketan/.m2/repository/commons-digester/commons-digester/1.8/commons-digester-1.8.jar:/home/ketan/.m2/repository/commons-beanutils/commons-beanutils/1.7.0/commons-beanutils-1.7.0.jar:/home/ketan/.m2/repository/commons-beanutils/commons-beanutils-core/1.7.0/commons-beanutils-core-1.7.0.jar:/home/ketan/.m2/repository/javax/xml/jaxb-xjc/2.0EA3/jaxb-xjc-2.0EA3.jar:/home/ketan/.m2/repository/javax/sql/jdbc-stdext/2.0/jdbc-stdext-2.0.jar:/home/ketan/.m2/repository/com/hp/hpl/jena/jena/2.5.4/jena-2.5.4.jar:/home/ketan/.m2/repository/com/hp/hpl/jena/arq/2.1/arq-2.1.jar:/home/ketan/.m2/repository/org/apache/lucene/lucene-core/2.0.0/lucene-core-2.0.0.jar:/home/ketan/.m2/repository/com/hp/hpl/jena/arq-extra/2.1/arq-extra-2.1.jar:/home/ketan/.m2/repository/com/hp/hpl/jena/jenatest/2.5.4/jenatest-2.5.4.jar:/home/ketan/.m2/repository/com/hp/hpl/jena/iri/0.5/iri-0.5.jar:/home/ketan/.m2/repository/antlr/antlr/2.7.5/antlr-2.7.5.jar:/home/ketan/.m2/repository/commons-logging/commons-logging-api/1.1/commons-logging-api-1.1.jar:/home/ketan/.m2/repository/com/hp/hpl/jena/concurrent-jena/1.3.2/concurrent-jena-1.3.2.jar:/home/ketan/.m2/repository/com/hp/hpl/jena/json-jena/1.0/json-jena-1.0.jar:/home/ketan/.m2/repository/stax/stax-api/1.0/stax-api-1.0.jar:/home/ketan/.m2/repository/org/codehaus/woodstox/wstx-asl/3.0.0/wstx-asl-3.0.0.jar:/home/ketan/.m2/repository/javax/annotation/jsr250-api/1.0/jsr250-api-1.0.jar:/home/ketan/.m2/repository/ant-contrib/ant-contrib/1.0b2/ant-contrib-1.0b2.jar:/home/ketan/.m2/repository/edu/mit/lcs/haystack/adenine/2003/adenine-2003.jar:/home/ketan/.m2/repository/com/artofsolving/jodconverter/2.2.1/jodconverter-2.2.1.jar:/home/ketan/.m2/repository/org/slf4j/slf4j-api/1.4.3/slf4j-api-1.4.3.jar:/home/ketan/.m2/repository/org/openoffice/juh/2.3.1/juh-2.3.1.jar:/home/ketan/.m2/repository/org/openoffice/jurt/2.3.1/jurt-2.3.1.jar:/home/ketan/.m2/repository/org/openoffice/ridl/2.3.0/ridl-2.3.0.jar:/home/ketan/.m2/repository/org/openoffice/unoil/2.3.0/unoil-2.3.0.jar:/home/ketan/.m2/repository/javax/xml/jaxb-impl/2.0EA3/jaxb-impl-2.0EA3.jar:/home/ketan/.m2/repository/org/cgiar/icis/icis-pedigree/2006/icis-pedigree-2006.jar:/home/ketan/.m2/repository/org/apache/axis/axis/1.4/axis-1.4.jar:/home/ketan/.m2/repository/javax/xml/jsr173/1.0/jsr173-1.0.jar:/home/ketan/.m2/repository/org/apache/axis/axis-ant/1.4/axis-ant-1.4.jar:/home/ketan/.m2/repository/javax/xml/jaxrpc-api/1.1/jaxrpc-api-1.1.jar:/home/ketan/.m2/repository/com/ibm/lsid/lsid-server/1.1.2/lsid-server-1.1.2.jar:/home/ketan/.m2/repository/commons-dbcp/commons-dbcp/1.1/commons-dbcp-1.1.jar:/home/ketan/.m2/repository/commons-pool/commons-pool/1.1/commons-pool-1.1.jar:/home/ketan/.m2/repository/com/sun/xml/ws/jaxws-tools/2.1.3/jaxws-tools-2.1.3.jar:/home/ketan/.m2/repository/org/tulsoft/alltools/2.1.1/alltools-2.1.1.jar:/home/ketan/.m2/repository/javax/servlet/servlet-api/2.5/servlet-api-2.5.jar:/home/ketan/.m2/repository/org/apache/axis/axis-jaxrpc/1.4/axis-jaxrpc-1.4.jar:/home/ketan/.m2/repository/org/apache/axis/axis-saaj/1.4/axis-saaj-1.4.jar:/home/ketan/.m2/repository/wsdl4j/wsdl4j/1.5.1/wsdl4j-1.5.1.jar:/home/ketan/.m2/repository/com/sun/net/httpserver/http/20070405/http-20070405.jar:/home/ketan/.m2/repository/org/biomoby/jmoby-dashboard/1.1.0/jmoby-dashboard-1.1.0.jar:/home/ketan/.m2/repository/javax/xml/ws/jaxws-api/2.1/jaxws-api-2.1.jar:/home/ketan/.m2/repository/javax/xml/soap/saaj-api/1.3/saaj-api-1.3.jar:/home/ketan/.m2/repository/com/sun/org/apache/jaxp-ri/1.4/jaxp-ri-1.4.jar:/home/ketan/.m2/repository/javax/xml/parsers/jaxp-api/1.4/jaxp-api-1.4.jar:/home/ketan/.m2/repository/net/sf/taverna/t2/biomart-activity-ui/0.3-SNAPSHOT/biomart-activity-ui-0.3-SNAPSHOT.jar:/home/ketan/.m2/repository/net/sf/taverna/t2/biomart-activity/0.3-SNAPSHOT/biomart-activity-0.3-SNAPSHOT.jar:/home/ketan/.m2/repository/org/biomart/martservice/0.7.0-SNAPSHOT/martservice-0.7.0-SNAPSHOT.jar:/home/ketan/.m2/repository/org/biomart/martj/0.6/martj-0.6.jar:/home/ketan/.m2/repository/net/sf/taverna/t2/dataflow-activity-ui/0.3-SNAPSHOT/dataflow-activity-ui-0.3-SNAPSHOT.jar:/home/ketan/.m2/repository/net/sf/taverna/t2/dataflow-activity/0.3-SNAPSHOT/dataflow-activity-0.3-SNAPSHOT.jar:/home/ketan/.m2/repository/net/sf/taverna/t2/localworker-activity-ui/0.3-SNAPSHOT/localworker-activity-ui-0.3-SNAPSHOT.jar:/home/ketan/.m2/repository/net/sf/taverna/t2/localworker-activity/0.3-SNAPSHOT/localworker-activity-0.3-SNAPSHOT.jar:/home/ketan/.m2/repository/net/sf/taverna/t2/ncbi-activity-ui/0.3-SNAPSHOT/ncbi-activity-ui-0.3-SNAPSHOT.jar:/home/ketan/.m2/repository/net/sf/taverna/t2/wsdl-activity/0.3-SNAPSHOT/wsdl-activity-0.3-SNAPSHOT.jar:/home/ketan/.m2/repository/net/sf/taverna/wsdl-generic/1.2-SNAPSHOT/wsdl-generic-1.2-SNAPSHOT.jar:/home/ketan/.m2/repository/axis/axis/1.4/axis-1.4.jar:/home/ketan/.m2/repository/axis/axis-jaxrpc/1.4/axis-jaxrpc-1.4.jar:/home/ketan/.m2/repository/axis/axis-saaj/1.4/axis-saaj-1.4.jar:/home/ketan/.m2/repository/axis/axis-wsdl4j/1.5.1/axis-wsdl4j-1.5.1.jar:/home/ketan/.m2/repository/credential-manager/credential-manager/0.0.1-SNAPSHOT/credential-manager-0.0.1-SNAPSHOT.jar:/home/ketan/.m2/repository/t2security-agents/t2security-agents/0.0.1-SNAPSHOT/t2security-agents-0.0.1-SNAPSHOT.jar:/home/ketan/.m2/repository/org/apache/ws/security/wss4j/1.5.4/wss4j-1.5.4.jar:/home/ketan/.m2/repository/bouncycastle/bcprov-jdk13/132/bcprov-jdk13-132.jar:/home/ketan/.m2/repository/opensaml/opensaml/1.1/opensaml-1.1.jar:/home/ketan/.m2/repository/org/apache/santuario/xmlsec/1.4.0/xmlsec-1.4.0.jar:/home/ketan/.m2/repository/axis/axis-ant/1.4/axis-ant-1.4.jar:/home/ketan/.m2/repository/security-profiles/security-profiles/0.0.1-SNAPSHOT/security-profiles-0.0.1-SNAPSHOT.jar:/home/ketan/.m2/repository/xml-security/xmlsec/1.4.0/xmlsec-1.4.0.jar:/home/ketan/.m2/repository/bouncycastle/bcprov-jdk15/136/bcprov-jdk15-136.jar:/home/ketan/.m2/repository/net/sf/taverna/t2/rshell-activity-ui/0.3-SNAPSHOT/rshell-activity-ui-0.3-SNAPSHOT.jar:/home/ketan/.m2/repository/net/sf/taverna/t2/rshell-activity/0.3-SNAPSHOT/rshell-activity-0.3-SNAPSHOT.jar:/home/ketan/.m2/repository/uk/org/mygrid/resources/JRclient/RE817/JRclient-RE817.jar:/home/ketan/.m2/repository/net/sf/taverna/t2/soaplab-activity-ui/0.3-SNAPSHOT/soaplab-activity-ui-0.3-SNAPSHOT.jar:/home/ketan/.m2/repository/net/sf/taverna/t2/soaplab-activity/0.3-SNAPSHOT/soaplab-activity-0.3-SNAPSHOT.jar:/home/ketan/.m2/repository/uk/org/mygrid/resources/axis/1.4-taverna/axis-1.4-taverna.jar:/home/ketan/.m2/repository/net/sf/taverna/t2/stringconstant-activity-ui/0.3-SNAPSHOT/stringconstant-activity-ui-0.3-SNAPSHOT.jar:/home/ketan/.m2/repository/net/sf/taverna/t2/stringconstant-activity/0.3-SNAPSHOT/stringconstant-activity-0.3-SNAPSHOT.jar:/home/ketan/.m2/repository/net/sf/taverna/t2/wsdl-activity-ui/0.3-SNAPSHOT/wsdl-activity-ui-0.3-SNAPSHOT.jar:/home/ketan/.m2/repository/ant/ant-commons-logging/1.6.5/ant-commons-logging-1.6.5.jar:/home/ketan/.m2/repository/glite/classad/1/classad-1.jar:/home/ketan/.m2/repository/glite/cog-jglobus/1/cog-jglobus-1.jar:/home/ketan/.m2/repository/glite/commons-cli-1.1/1/commons-cli-1.1-1.jar:/home/ketan/.m2/repository/glite/commons-discovery-0.2/1/commons-discovery-0.2-1.jar:/home/ketan/.m2/repository/glite/commons-lang-2.4/1/commons-lang-2.4-1.jar:/home/ketan/.m2/repository/glite/glite-jdl-api-java/1/glite-jdl-api-java-1.jar:/home/ketan/.m2/repository/glite/glite-security-delegation-java/1/glite-security-delegation-java-1.jar:/home/ketan/.m2/repository/glite/glite-security-trustmanager/1/glite-security-trustmanager-1.jar:/home/ketan/.m2/repository/glite/glite-security-util-java/1/glite-security-util-java-1.jar:/home/ketan/.m2/repository/glite/glite-voms/1/glite-voms-1.jar:/home/ketan/.m2/repository/glite/glite-wms-wmproxy-api-java/1/glite-wms-wmproxy-api-java-1.jar:/home/ketan/.m2/repository/glite/jlite/1/jlite-1.jar:/home/ketan/.m2/repository/glite/lb_1.5.3/1/lb_1.5.3-1.jar:/home/ketan/.m2/repository/glite/bcprov-jdk14-122/1/bcprov-jdk14-122-1.jar:/home/ketan/.m2/repository/glite/puretls/1/puretls-1.jar:/home/ketan/.m2/repository/glite/cryptix-asn1/1/cryptix-asn1-1.jar:/home/ketan/.m2/repository/glite/cryptix32/1/cryptix32-1.jar:/home/ketan/.m2/repository/glite/cryptix/1/cryptix-1.jar:"/>
    <property name="raven.eclipse" value="true"/>
    <property name="java.specification.name" value="Java Platform API Specification"/>
    <property name="java.class.version" value="50.0"/>
    <property name="sun.management.compiler" value="HotSpot Client Compiler"/>
    <property name="os.version" value="2.6.26.5-45.fc9.i686"/>
    <property name="user.home" value="/home/ketan"/>
    <property name="user.timezone" value="Europe/Paris"/>
    <property name="java.awt.printerjob" value="sun.print.PSPrinterJob"/>
    <property name="java.specification.version" value="1.6"/>
    <property name="file.encoding" value="UTF-8"/>
    <property name="user.name" value="ketan"/>
    <property name="java.class.path" value="/home/ketan/workspace/gLiteActivity/glite/target/test-classes:/home/ketan/workspace/gLiteActivity/glite/target/classes:/home/ketan/.m2/repository/net/sf/taverna/t2/workflowmodel-api/0.3-SNAPSHOT/workflowmodel-api-0.3-SNAPSHOT.jar:/home/ketan/.m2/repository/net/sf/taverna/t2/t2reference-api/0.1-SNAPSHOT/t2reference-api-0.1-SNAPSHOT.jar:/home/ketan/.m2/repository/org/springframework/spring-tx/2.5.4/spring-tx-2.5.4.jar:/home/ketan/.m2/repository/commons-logging/commons-logging/1.0.4/commons-logging-1.0.4.jar:/home/ketan/.m2/repository/org/springframework/spring-beans/2.5.4/spring-beans-2.5.4.jar:/home/ketan/.m2/repository/org/springframework/spring-core/2.5.4/spring-core-2.5.4.jar:/home/ketan/.m2/repository/org/springframework/spring-context/2.5.4/spring-context-2.5.4.jar:/home/ketan/.m2/repository/aopalliance/aopalliance/1.0/aopalliance-1.0.jar:/home/ketan/.m2/repository/net/sf/taverna/t2/spi-discovery-api/0.3-SNAPSHOT/spi-discovery-api-0.3-SNAPSHOT.jar:/home/ketan/.m2/repository/net/sf/taverna/t2/observer/0.3-SNAPSHOT/observer-0.3-SNAPSHOT.jar:/home/ketan/.m2/repository/log4j/log4j/1.2.13/log4j-1.2.13.jar:/home/ketan/.m2/repository/uk/org/mygrid/taverna/raven/raven/1.7-SNAPSHOT/raven-1.7-SNAPSHOT.jar:/home/ketan/.m2/repository/uk/org/mygrid/taverna/raven/raven-log4j/1.7-SNAPSHOT/raven-log4j-1.7-SNAPSHOT.jar:/home/ketan/.m2/repository/uk/org/mygrid/taverna/raven/appconfig/1.7-SNAPSHOT/appconfig-1.7-SNAPSHOT.jar:/home/ketan/.m2/repository/uk/org/mygrid/taverna/raven/launcher-api/1.7-SNAPSHOT/launcher-api-1.7-SNAPSHOT.jar:/home/ketan/.m2/repository/uk/org/mygrid/taverna/raven/prelauncher/1.7-SNAPSHOT/prelauncher-1.7-SNAPSHOT.jar:/home/ketan/.m2/repository/net/sf/taverna/t2/security-api/0.3-SNAPSHOT/security-api-0.3-SNAPSHOT.jar:/home/ketan/.m2/repository/net/sf/taverna/t2/provenanceconnector-api/0.3-SNAPSHOT/provenanceconnector-api-0.3-SNAPSHOT.jar:/home/ketan/.m2/repository/jdom/jdom/1.0/jdom-1.0.jar:/home/ketan/.m2/repository/net/sf/taverna/t2/data-impl/0.3-SNAPSHOT/data-impl-0.3-SNAPSHOT.jar:/home/ketan/.m2/repository/net/sf/taverna/t2/data-api/0.3-SNAPSHOT/data-api-0.3-SNAPSHOT.jar:/home/ketan/.m2/repository/net/sf/taverna/t2/beanable-api/0.3-SNAPSHOT/beanable-api-0.3-SNAPSHOT.jar:/home/ketan/.m2/repository/javax/xml/bind/jaxb-api/2.0/jaxb-api-2.0.jar:/home/ketan/.m2/repository/javax/xml/bind/jsr173_api/1.0/jsr173_api-1.0.jar:/home/ketan/.m2/repository/javax/activation/activation/1.1/activation-1.1.jar:/home/ketan/.m2/repository/javax/persistence/persistence-api/1.0/persistence-api-1.0.jar:/home/ketan/.m2/repository/net/sf/taverna/t2/beanable-jaxb/0.3-SNAPSHOT/beanable-jaxb-0.3-SNAPSHOT.jar:/home/ketan/.m2/repository/com/sun/xml/bind/jaxb-impl/2.0.3/jaxb-impl-2.0.3.jar:/home/ketan/.m2/repository/commons-io/commons-io/1.3/commons-io-1.3.jar:/home/ketan/.m2/repository/commons-httpclient/commons-httpclient/3.1/commons-httpclient-3.1.jar:/home/ketan/.m2/repository/commons-codec/commons-codec/1.2/commons-codec-1.2.jar:/home/ketan/.m2/repository/commons-lang/commons-lang/2.2/commons-lang-2.2.jar:/home/ketan/.m2/repository/net/sf/taverna/t2/activity-test-utils/0.3-SNAPSHOT/activity-test-utils-0.3-SNAPSHOT.jar:/home/ketan/.m2/repository/net/sf/taverna/t2/workflowmodel-impl/0.3-SNAPSHOT/workflowmodel-impl-0.3-SNAPSHOT.jar:/home/ketan/.m2/repository/net/sf/taverna/t2/provenanceconnector-impl/0.3-SNAPSHOT/provenanceconnector-impl-0.3-SNAPSHOT.jar:/home/ketan/.m2/repository/org/apache/derby/derby/10.2.2.0/derby-10.2.2.0.jar:/home/ketan/.m2/repository/org/apache/derby/derbynet/10.2.2.0/derbynet-10.2.2.0.jar:/home/ketan/.m2/repository/org/apache/derby/derbytools/10.2.2.0/derbytools-10.2.2.0.jar:/home/ketan/.m2/repository/org/apache/derby/derbyclient/10.2.2.0/derbyclient-10.2.2.0.jar:/home/ketan/.m2/repository/com/thoughtworks/xstream/xstream/1.2.1/xstream-1.2.1.jar:/home/ketan/.m2/repository/xpp3/xpp3_min/1.1.3.4.O/xpp3_min-1.1.3.4.O.jar:/home/ketan/.m2/repository/net/sf/taverna/t2/platform/0.1-SNAPSHOT/platform-0.1-SNAPSHOT.jar:/home/ketan/.m2/repository/org/springframework/spring-orm/2.5.4/spring-orm-2.5.4.jar:/home/ketan/.m2/repository/org/springframework/spring-jdbc/2.5.4/spring-jdbc-2.5.4.jar:/home/ketan/.m2/repository/geronimo-spec/geronimo-spec-jta/1.0-M1/geronimo-spec-jta-1.0-M1.jar:/home/ketan/.m2/repository/org/hibernate/hibernate/3.2.5.ga.raven/hibernate-3.2.5.ga.raven.jar:/home/ketan/.m2/repository/dom4j/dom4j/1.6.1/dom4j-1.6.1.jar:/home/ketan/.m2/repository/cglib/cglib/2.1_3/cglib-2.1_3.jar:/home/ketan/.m2/repository/asm/asm/1.5.3/asm-1.5.3.jar:/home/ketan/.m2/repository/commons-collections/commons-collections/3.2/commons-collections-3.2.jar:/home/ketan/.m2/repository/net/sf/taverna/t2/t2reference-impl/0.1-SNAPSHOT/t2reference-impl-0.1-SNAPSHOT.jar:/home/ketan/.m2/repository/org/aspectj/aspectjrt/1.6.0/aspectjrt-1.6.0.jar:/home/ketan/.m2/repository/org/aspectj/aspectjweaver/1.6.0/aspectjweaver-1.6.0.jar:/home/ketan/.m2/repository/net/sf/taverna/t2/t2reference-core-extensions/0.1-SNAPSHOT/t2reference-core-extensions-0.1-SNAPSHOT.jar:/home/ketan/.m2/repository/uk/org/mygrid/taverna/scufl/scufl-model/1.7.2-SNAPSHOT/scufl-model-1.7.2-SNAPSHOT.jar:/usr/java/jdk1.6.0_06/jre/../lib/tools.jar:/home/ketan/.m2/repository/uk/org/mygrid/taverna/baclava/baclava-core/1.7.2-SNAPSHOT/baclava-core-1.7.2-SNAPSHOT.jar:/home/ketan/.m2/repository/uk/org/mygrid/taverna/taverna-core/1.7.2-SNAPSHOT/taverna-core-1.7.2-SNAPSHOT.jar:/home/ketan/.m2/repository/uk/org/mygrid/taverna/taverna-bootstrap/1.7.2-SNAPSHOT/taverna-bootstrap-1.7.2-SNAPSHOT.jar:/home/ketan/.m2/repository/uk/org/mygrid/resources/freefluo/NO-VERSION/freefluo-NO-VERSION.jar:/home/ketan/.m2/repository/junit/junit/4.4/junit-4.4.jar:/home/ketan/.m2/repository/net/sf/taverna/t2/all-activity-uis/0.3-SNAPSHOT/all-activity-uis-0.3-SNAPSHOT.jar:/home/ketan/.m2/repository/net/sf/taverna/t2/beanshell-activity-ui/0.3-SNAPSHOT/beanshell-activity-ui-0.3-SNAPSHOT.jar:/home/ketan/.m2/repository/net/sf/taverna/t2/workbench/activity-palette-api/0.1-SNAPSHOT/activity-palette-api-0.1-SNAPSHOT.jar:/home/ketan/.m2/repository/net/sf/taverna/t2/partition/0.3-SNAPSHOT/partition-0.3-SNAPSHOT.jar:/home/ketan/.m2/repository/net/sf/taverna/t2/workbench/configuration-api/0.1-SNAPSHOT/configuration-api-0.1-SNAPSHOT.jar:/home/ketan/.m2/repository/net/sf/opencsv/opencsv/1.8/opencsv-1.8.jar:/home/ketan/.m2/repository/net/sf/taverna/t2/beanshell-activity/0.3-SNAPSHOT/beanshell-activity-0.3-SNAPSHOT.jar:/home/ketan/.m2/repository/org/beanshell/bsh/2.0b4/bsh-2.0b4.jar:/home/ketan/.m2/repository/net/sf/taverna/t2/workbench/contextual-views-impl/0.1-SNAPSHOT/contextual-views-impl-0.1-SNAPSHOT.jar:/home/ketan/.m2/repository/net/sf/taverna/t2/workbench/contextual-views-api/0.1-SNAPSHOT/contextual-views-api-0.1-SNAPSHOT.jar:/home/ketan/.m2/repository/net/sf/taverna/t2/workbench/configuration-impl/0.1-SNAPSHOT/configuration-impl-0.1-SNAPSHOT.jar:/home/ketan/.m2/repository/net/sf/taverna/t2/workbench/menu-api/0.1-SNAPSHOT/menu-api-0.1-SNAPSHOT.jar:/home/ketan/.m2/repository/net/sf/taverna/t2/workbench/commons-icons/0.1-SNAPSHOT/commons-icons-0.1-SNAPSHOT.jar:/home/ketan/.m2/repository/net/sf/taverna/t2/workbench/ui-api/0.1-SNAPSHOT/ui-api-0.1-SNAPSHOT.jar:/home/ketan/.m2/repository/net/sf/taverna/t2/lang/ui/0.3-SNAPSHOT/ui-0.3-SNAPSHOT.jar:/home/ketan/.m2/repository/net/sf/taverna/t2/workbench/ui-impl/0.1-SNAPSHOT/ui-impl-0.1-SNAPSHOT.jar:/home/ketan/.m2/repository/uk/org/mygrid/taverna/osxapplication/1.5.1/osxapplication-1.5.1.jar:/home/ketan/.m2/repository/javax/help/javahelp/2.0.02/javahelp-2.0.02.jar:/home/ketan/.m2/repository/net/sf/taverna/t2/workbench/perspective-core/1.7-SNAPSHOT/perspective-core-1.7-SNAPSHOT.jar:/home/ketan/.m2/repository/net/sf/taverna/t2/workbench/file-api/0.1-SNAPSHOT/file-api-0.1-SNAPSHOT.jar:/home/ketan/.m2/repository/net/sf/taverna/t2/workbench/edits-api/0.1-SNAPSHOT/edits-api-0.1-SNAPSHOT.jar:/home/ketan/.m2/repository/net/sf/taverna/t2/workbench/file-impl/0.1-SNAPSHOT/file-impl-0.1-SNAPSHOT.jar:/home/ketan/.m2/repository/uk/org/mygrid/taverna/zaria/1.7-SNAPSHOT/zaria-1.7-SNAPSHOT.jar:/home/ketan/.m2/repository/net/sf/taverna/t2/workbench/edits-impl/0.1-SNAPSHOT/edits-impl-0.1-SNAPSHOT.jar:/home/ketan/.m2/repository/uk/org/mygrid/resources/jedit-syntax/2.2.2/jedit-syntax-2.2.2.jar:/home/ketan/.m2/repository/net/sf/taverna/t2/biomoby-activity-ui/0.3-SNAPSHOT/biomoby-activity-ui-0.3-SNAPSHOT.jar:/home/ketan/.m2/repository/net/sf/taverna/t2/biomoby-activity/0.3-SNAPSHOT/biomoby-activity-0.3-SNAPSHOT.jar:/home/ketan/.m2/repository/org/biomoby/taverna-biomoby/1.7.2-SNAPSHOT/taverna-biomoby-1.7.2-SNAPSHOT.jar:/home/ketan/.m2/repository/uk/org/mygrid/taverna/taverna-enactor/1.7.2-SNAPSHOT/taverna-enactor-1.7.2-SNAPSHOT.jar:/home/ketan/.m2/repository/uk/org/mygrid/resources/freefluo-taverna-exts/1.7.2-SNAPSHOT/freefluo-taverna-exts-1.7.2-SNAPSHOT.jar:/home/ketan/.m2/repository/commons-discovery/commons-discovery/0.2/commons-discovery-0.2.jar:/home/ketan/.m2/repository/uk/org/mygrid/taverna/taverna-scavenger/1.7.2-SNAPSHOT/taverna-scavenger-1.7.2-SNAPSHOT.jar:/home/ketan/.m2/repository/uk/org/mygrid/taverna/processors/taverna-java-processor/1.7.2-SNAPSHOT/taverna-java-processor-1.7.2-SNAPSHOT.jar:/home/ketan/.m2/repository/uk/org/mygrid/taverna/scufl/scufl-ui-api/1.7.2-SNAPSHOT/scufl-ui-api-1.7.2-SNAPSHOT.jar:/home/ketan/.m2/repository/javax/mail/mail/1.4/mail-1.4.jar:/home/ketan/.m2/repository/org/biomoby/jmoby/1.1.1/jmoby-1.1.1.jar:/home/ketan/.m2/repository/castor/castor/0.9.5/castor-0.9.5.jar:/home/ketan/.m2/repository/org/apache/ant/ant-nodeps/1.7.0/ant-nodeps-1.7.0.jar:/home/ketan/.m2/repository/org/apache/ant/ant/1.7.0/ant-1.7.0.jar:/home/ketan/.m2/repository/org/apache/ant/ant-launcher/1.7.0/ant-launcher-1.7.0.jar:/home/ketan/.m2/repository/jaxen/jaxen/1.1.1/jaxen-1.1.1.jar:/home/ketan/.m2/repository/xml-apis/xml-apis/1.3.03/xml-apis-1.3.03.jar:/home/ketan/.m2/repository/xom/xom/1.0/xom-1.0.jar:/home/ketan/.m2/repository/xerces/xmlParserAPIs/2.2.1/xmlParserAPIs-2.2.1.jar:/home/ketan/.m2/repository/xalan/xalan/2.5.2/xalan-2.5.2.jar:/home/ketan/.m2/repository/com/ibm/icu/icu4j/3.8/icu4j-3.8.jar:/home/ketan/.m2/repository/mysql/mysql-connector-java/3.1.14/mysql-connector-java-3.1.14.jar:/home/ketan/.m2/repository/com/ibm/lsid/lsid-client/1.1.2/lsid-client-1.1.2.jar:/home/ketan/.m2/repository/xerces/xercesImpl/2.7.1/xercesImpl-2.7.1.jar:/home/ketan/.m2/repository/javax/jws/jsr181-api/1.0-MR1/jsr181-api-1.0-MR1.jar:/home/ketan/.m2/repository/org/xbill/dnsjava/2003/dnsjava-2003.jar:/home/ketan/.m2/repository/com/toedter/jcalendar/2004/jcalendar-2004.jar:/home/ketan/.m2/repository/commons-configuration/commons-configuration/1.5/commons-configuration-1.5.jar:/home/ketan/.m2/repository/commons-digester/commons-digester/1.8/commons-digester-1.8.jar:/home/ketan/.m2/repository/commons-beanutils/commons-beanutils/1.7.0/commons-beanutils-1.7.0.jar:/home/ketan/.m2/repository/commons-beanutils/commons-beanutils-core/1.7.0/commons-beanutils-core-1.7.0.jar:/home/ketan/.m2/repository/javax/xml/jaxb-xjc/2.0EA3/jaxb-xjc-2.0EA3.jar:/home/ketan/.m2/repository/javax/sql/jdbc-stdext/2.0/jdbc-stdext-2.0.jar:/home/ketan/.m2/repository/com/hp/hpl/jena/jena/2.5.4/jena-2.5.4.jar:/home/ketan/.m2/repository/com/hp/hpl/jena/arq/2.1/arq-2.1.jar:/home/ketan/.m2/repository/org/apache/lucene/lucene-core/2.0.0/lucene-core-2.0.0.jar:/home/ketan/.m2/repository/com/hp/hpl/jena/arq-extra/2.1/arq-extra-2.1.jar:/home/ketan/.m2/repository/com/hp/hpl/jena/jenatest/2.5.4/jenatest-2.5.4.jar:/home/ketan/.m2/repository/com/hp/hpl/jena/iri/0.5/iri-0.5.jar:/home/ketan/.m2/repository/antlr/antlr/2.7.5/antlr-2.7.5.jar:/home/ketan/.m2/repository/commons-logging/commons-logging-api/1.1/commons-logging-api-1.1.jar:/home/ketan/.m2/repository/com/hp/hpl/jena/concurrent-jena/1.3.2/concurrent-jena-1.3.2.jar:/home/ketan/.m2/repository/com/hp/hpl/jena/json-jena/1.0/json-jena-1.0.jar:/home/ketan/.m2/repository/stax/stax-api/1.0/stax-api-1.0.jar:/home/ketan/.m2/repository/org/codehaus/woodstox/wstx-asl/3.0.0/wstx-asl-3.0.0.jar:/home/ketan/.m2/repository/javax/annotation/jsr250-api/1.0/jsr250-api-1.0.jar:/home/ketan/.m2/repository/ant-contrib/ant-contrib/1.0b2/ant-contrib-1.0b2.jar:/home/ketan/.m2/repository/edu/mit/lcs/haystack/adenine/2003/adenine-2003.jar:/home/ketan/.m2/repository/com/artofsolving/jodconverter/2.2.1/jodconverter-2.2.1.jar:/home/ketan/.m2/repository/org/slf4j/slf4j-api/1.4.3/slf4j-api-1.4.3.jar:/home/ketan/.m2/repository/org/openoffice/juh/2.3.1/juh-2.3.1.jar:/home/ketan/.m2/repository/org/openoffice/jurt/2.3.1/jurt-2.3.1.jar:/home/ketan/.m2/repository/org/openoffice/ridl/2.3.0/ridl-2.3.0.jar:/home/ketan/.m2/repository/org/openoffice/unoil/2.3.0/unoil-2.3.0.jar:/home/ketan/.m2/repository/javax/xml/jaxb-impl/2.0EA3/jaxb-impl-2.0EA3.jar:/home/ketan/.m2/repository/org/cgiar/icis/icis-pedigree/2006/icis-pedigree-2006.jar:/home/ketan/.m2/repository/org/apache/axis/axis/1.4/axis-1.4.jar:/home/ketan/.m2/repository/javax/xml/jsr173/1.0/jsr173-1.0.jar:/home/ketan/.m2/repository/org/apache/axis/axis-ant/1.4/axis-ant-1.4.jar:/home/ketan/.m2/repository/javax/xml/jaxrpc-api/1.1/jaxrpc-api-1.1.jar:/home/ketan/.m2/repository/com/ibm/lsid/lsid-server/1.1.2/lsid-server-1.1.2.jar:/home/ketan/.m2/repository/commons-dbcp/commons-dbcp/1.1/commons-dbcp-1.1.jar:/home/ketan/.m2/repository/commons-pool/commons-pool/1.1/commons-pool-1.1.jar:/home/ketan/.m2/repository/com/sun/xml/ws/jaxws-tools/2.1.3/jaxws-tools-2.1.3.jar:/home/ketan/.m2/repository/org/tulsoft/alltools/2.1.1/alltools-2.1.1.jar:/home/ketan/.m2/repository/javax/servlet/servlet-api/2.5/servlet-api-2.5.jar:/home/ketan/.m2/repository/org/apache/axis/axis-jaxrpc/1.4/axis-jaxrpc-1.4.jar:/home/ketan/.m2/repository/org/apache/axis/axis-saaj/1.4/axis-saaj-1.4.jar:/home/ketan/.m2/repository/wsdl4j/wsdl4j/1.5.1/wsdl4j-1.5.1.jar:/home/ketan/.m2/repository/com/sun/net/httpserver/http/20070405/http-20070405.jar:/home/ketan/.m2/repository/org/biomoby/jmoby-dashboard/1.1.0/jmoby-dashboard-1.1.0.jar:/home/ketan/.m2/repository/javax/xml/ws/jaxws-api/2.1/jaxws-api-2.1.jar:/home/ketan/.m2/repository/javax/xml/soap/saaj-api/1.3/saaj-api-1.3.jar:/home/ketan/.m2/repository/com/sun/org/apache/jaxp-ri/1.4/jaxp-ri-1.4.jar:/home/ketan/.m2/repository/javax/xml/parsers/jaxp-api/1.4/jaxp-api-1.4.jar:/home/ketan/.m2/repository/net/sf/taverna/t2/biomart-activity-ui/0.3-SNAPSHOT/biomart-activity-ui-0.3-SNAPSHOT.jar:/home/ketan/.m2/repository/net/sf/taverna/t2/biomart-activity/0.3-SNAPSHOT/biomart-activity-0.3-SNAPSHOT.jar:/home/ketan/.m2/repository/org/biomart/martservice/0.7.0-SNAPSHOT/martservice-0.7.0-SNAPSHOT.jar:/home/ketan/.m2/repository/org/biomart/martj/0.6/martj-0.6.jar:/home/ketan/.m2/repository/net/sf/taverna/t2/dataflow-activity-ui/0.3-SNAPSHOT/dataflow-activity-ui-0.3-SNAPSHOT.jar:/home/ketan/.m2/repository/net/sf/taverna/t2/dataflow-activity/0.3-SNAPSHOT/dataflow-activity-0.3-SNAPSHOT.jar:/home/ketan/.m2/repository/net/sf/taverna/t2/localworker-activity-ui/0.3-SNAPSHOT/localworker-activity-ui-0.3-SNAPSHOT.jar:/home/ketan/.m2/repository/net/sf/taverna/t2/localworker-activity/0.3-SNAPSHOT/localworker-activity-0.3-SNAPSHOT.jar:/home/ketan/.m2/repository/net/sf/taverna/t2/ncbi-activity-ui/0.3-SNAPSHOT/ncbi-activity-ui-0.3-SNAPSHOT.jar:/home/ketan/.m2/repository/net/sf/taverna/t2/wsdl-activity/0.3-SNAPSHOT/wsdl-activity-0.3-SNAPSHOT.jar:/home/ketan/.m2/repository/net/sf/taverna/wsdl-generic/1.2-SNAPSHOT/wsdl-generic-1.2-SNAPSHOT.jar:/home/ketan/.m2/repository/axis/axis/1.4/axis-1.4.jar:/home/ketan/.m2/repository/axis/axis-jaxrpc/1.4/axis-jaxrpc-1.4.jar:/home/ketan/.m2/repository/axis/axis-saaj/1.4/axis-saaj-1.4.jar:/home/ketan/.m2/repository/axis/axis-wsdl4j/1.5.1/axis-wsdl4j-1.5.1.jar:/home/ketan/.m2/repository/credential-manager/credential-manager/0.0.1-SNAPSHOT/credential-manager-0.0.1-SNAPSHOT.jar:/home/ketan/.m2/repository/t2security-agents/t2security-agents/0.0.1-SNAPSHOT/t2security-agents-0.0.1-SNAPSHOT.jar:/home/ketan/.m2/repository/org/apache/ws/security/wss4j/1.5.4/wss4j-1.5.4.jar:/home/ketan/.m2/repository/bouncycastle/bcprov-jdk13/132/bcprov-jdk13-132.jar:/home/ketan/.m2/repository/opensaml/opensaml/1.1/opensaml-1.1.jar:/home/ketan/.m2/repository/org/apache/santuario/xmlsec/1.4.0/xmlsec-1.4.0.jar:/home/ketan/.m2/repository/axis/axis-ant/1.4/axis-ant-1.4.jar:/home/ketan/.m2/repository/security-profiles/security-profiles/0.0.1-SNAPSHOT/security-profiles-0.0.1-SNAPSHOT.jar:/home/ketan/.m2/repository/xml-security/xmlsec/1.4.0/xmlsec-1.4.0.jar:/home/ketan/.m2/repository/bouncycastle/bcprov-jdk15/136/bcprov-jdk15-136.jar:/home/ketan/.m2/repository/net/sf/taverna/t2/rshell-activity-ui/0.3-SNAPSHOT/rshell-activity-ui-0.3-SNAPSHOT.jar:/home/ketan/.m2/repository/net/sf/taverna/t2/rshell-activity/0.3-SNAPSHOT/rshell-activity-0.3-SNAPSHOT.jar:/home/ketan/.m2/repository/uk/org/mygrid/resources/JRclient/RE817/JRclient-RE817.jar:/home/ketan/.m2/repository/net/sf/taverna/t2/soaplab-activity-ui/0.3-SNAPSHOT/soaplab-activity-ui-0.3-SNAPSHOT.jar:/home/ketan/.m2/repository/net/sf/taverna/t2/soaplab-activity/0.3-SNAPSHOT/soaplab-activity-0.3-SNAPSHOT.jar:/home/ketan/.m2/repository/uk/org/mygrid/resources/axis/1.4-taverna/axis-1.4-taverna.jar:/home/ketan/.m2/repository/net/sf/taverna/t2/stringconstant-activity-ui/0.3-SNAPSHOT/stringconstant-activity-ui-0.3-SNAPSHOT.jar:/home/ketan/.m2/repository/net/sf/taverna/t2/stringconstant-activity/0.3-SNAPSHOT/stringconstant-activity-0.3-SNAPSHOT.jar:/home/ketan/.m2/repository/net/sf/taverna/t2/wsdl-activity-ui/0.3-SNAPSHOT/wsdl-activity-ui-0.3-SNAPSHOT.jar:/home/ketan/.m2/repository/ant/ant-commons-logging/1.6.5/ant-commons-logging-1.6.5.jar:/home/ketan/.m2/repository/glite/classad/1/classad-1.jar:/home/ketan/.m2/repository/glite/cog-jglobus/1/cog-jglobus-1.jar:/home/ketan/.m2/repository/glite/commons-cli-1.1/1/commons-cli-1.1-1.jar:/home/ketan/.m2/repository/glite/commons-discovery-0.2/1/commons-discovery-0.2-1.jar:/home/ketan/.m2/repository/glite/commons-lang-2.4/1/commons-lang-2.4-1.jar:/home/ketan/.m2/repository/glite/glite-jdl-api-java/1/glite-jdl-api-java-1.jar:/home/ketan/.m2/repository/glite/glite-security-delegation-java/1/glite-security-delegation-java-1.jar:/home/ketan/.m2/repository/glite/glite-security-trustmanager/1/glite-security-trustmanager-1.jar:/home/ketan/.m2/repository/glite/glite-security-util-java/1/glite-security-util-java-1.jar:/home/ketan/.m2/repository/glite/glite-voms/1/glite-voms-1.jar:/home/ketan/.m2/repository/glite/glite-wms-wmproxy-api-java/1/glite-wms-wmproxy-api-java-1.jar:/home/ketan/.m2/repository/glite/jlite/1/jlite-1.jar:/home/ketan/.m2/repository/glite/lb_1.5.3/1/lb_1.5.3-1.jar:/home/ketan/.m2/repository/glite/bcprov-jdk14-122/1/bcprov-jdk14-122-1.jar:/home/ketan/.m2/repository/glite/puretls/1/puretls-1.jar:/home/ketan/.m2/repository/glite/cryptix-asn1/1/cryptix-asn1-1.jar:/home/ketan/.m2/repository/glite/cryptix32/1/cryptix32-1.jar:/home/ketan/.m2/repository/glite/cryptix/1/cryptix-1.jar:"/>
    <property name="java.vm.specification.version" value="1.0"/>
    <property name="sun.arch.data.model" value="32"/>
    <property name="java.home" value="/usr/java/jdk1.6.0_06/jre"/>
    <property name="java.specification.vendor" value="Sun Microsystems Inc."/>
    <property name="user.language" value="en"/>
    <property name="java.vm.info" value="mixed mode, sharing"/>
    <property name="java.version" value="1.6.0_06"/>
    <property name="java.ext.dirs" value="/usr/java/jdk1.6.0_06/jre/lib/ext:/usr/java/packages/lib/ext"/>
    <property name="sun.boot.class.path" value="/usr/java/jdk1.6.0_06/jre/lib/resources.jar:/usr/java/jdk1.6.0_06/jre/lib/rt.jar:/usr/java/jdk1.6.0_06/jre/lib/sunrsasign.jar:/usr/java/jdk1.6.0_06/jre/lib/jsse.jar:/usr/java/jdk1.6.0_06/jre/lib/jce.jar:/usr/java/jdk1.6.0_06/jre/lib/charsets.jar:/usr/java/jdk1.6.0_06/jre/classes"/>
    <property name="java.vendor" value="Sun Microsystems Inc."/>
    <property name="localRepository" value="/home/ketan/.m2/repository"/>
    <property name="file.separator" value="/"/>
    <property name="java.vendor.url.bug" value="http://java.sun.com/cgi-bin/bugreport.cgi"/>
    <property name="sun.cpu.endian" value="little"/>
    <property name="sun.io.unicode.encoding" value="UnicodeLittle"/>
    <property name="sun.desktop" value="gnome"/>
    <property name="sun.cpu.isalist" value=""/>
  </properties>
  <testcase time="0.025" classname="gLite.gLiteActivityTest" name="testgliteActivity"/>
  <testcase time="0.029" classname="gLite.gLiteActivityTest" name="testExecuteAsynch">
    <skipped/>
  </testcase>
  <testcase time="0.579" classname="gLite.gLiteActivityTest" name="testConfiguregliteActivityConfigurationBean"/>
</testsuite>